<?xml version="1.0" encoding="UTF-8"?>
<!-- Generated by org.testng.reporters.JUnitReportReporter -->
<testsuite hostname="DESKTOP-COT21R8" failures="0" tests="1" name="testcases.Tc_Signin_001" time="12.975" errors="0" timestamp="2021-08-05T13:49:26 AEST" skipped="0">
  <testcase classname="testcases.Tc_Signin_001" name="signin" time="12.975"/>
  <system-out/>
</testsuite> <!-- testcases.Tc_Signin_001 -->
