<?xml version="1.0" encoding="UTF-8"?>
<!-- Generated by org.testng.reporters.JUnitReportReporter -->
<testsuite hostname="DESKTOP-COT21R8" failures="0" tests="1" name="testcases.Tc_Signin_002" time="31.144" errors="0" timestamp="2021-07-26T13:15:12 AEST" skipped="0">
  <testcase classname="testcases.Tc_Signin_002" name="signin" time="31.144"/>
  <system-out/>
</testsuite> <!-- testcases.Tc_Signin_002 -->
