<?xml version="1.0" encoding="UTF-8"?>
<!-- Generated by org.testng.reporters.JUnitReportReporter -->
<testsuite hostname="DESKTOP-COT21R8" failures="0" tests="1" name="testcases.Tc_Signin_005" time="4.828" errors="0" timestamp="2021-07-26T09:27:38 AEST" skipped="0">
  <testcase classname="testcases.Tc_Signin_005" name="nocrediatialsign" time="4.828"/>
  <system-out/>
</testsuite> <!-- testcases.Tc_Signin_005 -->
