<?xml version="1.0" encoding="UTF-8"?>
<!-- Generated by org.testng.reporters.JUnitReportReporter -->
<testsuite hostname="DESKTOP-COT21R8" failures="0" tests="1" name="testcases.Tc_Login_Using_Excel_Data_006" time="45.184" errors="0" timestamp="2021-08-01T13:11:33 AEST" skipped="0">
  <testcase classname="testcases.Tc_Login_Using_Excel_Data_006" name="Login" time="45.184"/>
  <system-out/>
</testsuite> <!-- testcases.Tc_Login_Using_Excel_Data_006 -->
