<?xml version="1.0" encoding="UTF-8"?>
<!-- Generated by org.testng.reporters.JUnitReportReporter -->
<testsuite hostname="DESKTOP-COT21R8" failures="0" tests="1" name="testcases.Tc_Scroll_Down_003" time="26.757" errors="0" timestamp="2021-07-28T10:47:44 AEST" skipped="0">
  <testcase classname="testcases.Tc_Scroll_Down_003" name="scrolldown" time="26.757"/>
  <system-out/>
</testsuite> <!-- testcases.Tc_Scroll_Down_003 -->
