<?xml version="1.0" encoding="UTF-8"?>
<!-- Generated by org.testng.reporters.JUnitReportReporter -->
<testsuite hostname="DESKTOP-COT21R8" failures="0" tests="1" name="testcases.Tc_Signin_Fb_002" time="19.423" errors="0" timestamp="2021-07-26T14:52:34 AEST" skipped="0">
  <testcase classname="testcases.Tc_Signin_Fb_002" name="fblogin" time="19.423"/>
  <system-out/>
</testsuite> <!-- testcases.Tc_Signin_Fb_002 -->
