<?xml version="1.0" encoding="UTF-8"?>
<!-- Generated by org.testng.reporters.JUnitReportReporter -->
<testsuite hostname="DESKTOP-COT21R8" failures="0" tests="1" name="testcases.Tc_Suppilier_Login" time="3.284" errors="0" timestamp="2021-08-04T10:46:41 AEST" skipped="0">
  <testcase classname="testcases.Tc_Suppilier_Login" name="supplierlogin" time="3.284"/>
  <system-out/>
</testsuite> <!-- testcases.Tc_Suppilier_Login -->
