<?xml version="1.0" encoding="UTF-8"?>
<!-- Generated by org.testng.reporters.JUnitReportReporter -->
<testsuite hostname="DESKTOP-COT21R8" failures="0" tests="1" name="testcases.Tc_Signin_003" time="3.818" errors="0" timestamp="2021-07-25T19:42:58 AEST" skipped="0">
  <testcase classname="testcases.Tc_Signin_003" name="wrongcrediatialsign" time="3.818"/>
  <system-out/>
</testsuite> <!-- testcases.Tc_Signin_003 -->
