<?xml version="1.0" encoding="UTF-8"?>
<!-- Generated by org.testng.reporters.JUnitReportReporter -->
<testsuite hostname="DESKTOP-COT21R8" failures="0" tests="1" name="testcases.FramesWebcdrm" time="14.557" errors="0" timestamp="2021-08-29T11:12:06 AEST" skipped="0">
  <testcase classname="testcases.FramesWebcdrm" name="frames" time="14.557"/>
  <system-out/>
</testsuite> <!-- testcases.FramesWebcdrm -->
